Build started 13/04/2017 4:54:39 PM.
     1>Project "C:\Users\akhojaste\Documents\Visual Studio 2013\Projects\AdvancedConcepts\AdvancedConcepts\AdvancedConcepts.vcxproj" on node 2 (Build target(s)).
     1>ClCompile:
         C:\Program Files (x86)\Microsoft Visual Studio 12.0\VC\bin\CL.exe /c /Zi /nologo /W3 /WX- /sdl /O2 /Oi /Oy- /GL /D WIN32 /D NDEBUG /D _CONSOLE /D _LIB /D _UNICODE /D UNICODE /Gm- /EHsc /MD /GS /Gy /fp:precise /Zc:wchar_t /Zc:forScope /Fo"Release\\" /Fd"Release\vc120.pdb" /Gd /TP /analyze- /errorReport:prompt Polymorphism.cpp
         Polymorphism.cpp
       Link:
         C:\Program Files (x86)\Microsoft Visual Studio 12.0\VC\bin\link.exe /ERRORREPORT:PROMPT /OUT:"C:\Users\akhojaste\Documents\Visual Studio 2013\Projects\AdvancedConcepts\Release\AP.exe" /INCREMENTAL:NO /NOLOGO kernel32.lib user32.lib gdi32.lib winspool.lib comdlg32.lib advapi32.lib shell32.lib ole32.lib oleaut32.lib uuid.lib odbc32.lib odbccp32.lib /MANIFEST /MANIFESTUAC:"level='asInvoker' uiAccess='false'" /manifest:embed /DEBUG /PDB:"C:\Users\akhojaste\Documents\Visual Studio 2013\Projects\AdvancedConcepts\Release\AP.pdb" /SUBSYSTEM:CONSOLE /OPT:REF /OPT:ICF /LTCG /TLBID:1 /DYNAMICBASE /NXCOMPAT /IMPLIB:"C:\Users\akhojaste\Documents\Visual Studio 2013\Projects\AdvancedConcepts\Release\AP.lib" /MACHINE:X86 /SAFESEH Release\Exceptions.obj
         Release\Functor.obj
         Release\HanoeProblem.obj
         Release\Inheritance_1.obj
         Release\KingsTour.obj
         Release\Polymorphism.obj
         Release\ReverseNumber.obj
         Release\Std_Upperbound.obj
         Release\MostFrequentElement.obj
         Release\SumList.obj
         Release\SumOfElements.obj
         Generating code
         Finished generating code
         AdvancedConcepts.vcxproj -> C:\Users\akhojaste\Documents\Visual Studio 2013\Projects\AdvancedConcepts\Release\AP.exe
     1>Done Building Project "C:\Users\akhojaste\Documents\Visual Studio 2013\Projects\AdvancedConcepts\AdvancedConcepts\AdvancedConcepts.vcxproj" (Build target(s)).

Build succeeded.

Time Elapsed 00:00:01.00
