c:\users\akhojaste\documents\visual studio 2013\projects\advancedconcepts\advancedconcepts\debug\vc120.pdb
c:\users\akhojaste\documents\visual studio 2013\projects\advancedconcepts\advancedconcepts\debug\vc120.idb
c:\users\akhojaste\documents\visual studio 2013\projects\advancedconcepts\advancedconcepts\debug\conditionalvariables.obj
c:\users\akhojaste\documents\visual studio 2013\projects\advancedconcepts\advancedconcepts\debug\exceptions.obj
c:\users\akhojaste\documents\visual studio 2013\projects\advancedconcepts\advancedconcepts\debug\functor.obj
c:\users\akhojaste\documents\visual studio 2013\projects\advancedconcepts\advancedconcepts\debug\hanoeproblem.obj
c:\users\akhojaste\documents\visual studio 2013\projects\advancedconcepts\advancedconcepts\debug\inheritance_1.obj
c:\users\akhojaste\documents\visual studio 2013\projects\advancedconcepts\advancedconcepts\debug\kingstour.obj
c:\users\akhojaste\documents\visual studio 2013\projects\advancedconcepts\advancedconcepts\debug\lambdaexpression.obj
c:\users\akhojaste\documents\visual studio 2013\projects\advancedconcepts\advancedconcepts\debug\memorycorruption.obj
c:\users\akhojaste\documents\visual studio 2013\projects\advancedconcepts\advancedconcepts\debug\movesemantic.obj
c:\users\akhojaste\documents\visual studio 2013\projects\advancedconcepts\advancedconcepts\debug\polymorphism.obj
c:\users\akhojaste\documents\visual studio 2013\projects\advancedconcepts\advancedconcepts\debug\reversenumber.obj
c:\users\akhojaste\documents\visual studio 2013\projects\advancedconcepts\advancedconcepts\debug\smartpointers.obj
c:\users\akhojaste\documents\visual studio 2013\projects\advancedconcepts\advancedconcepts\debug\statemachine.obj
c:\users\akhojaste\documents\visual studio 2013\projects\advancedconcepts\advancedconcepts\debug\std_upperbound.obj
c:\users\akhojaste\documents\visual studio 2013\projects\advancedconcepts\advancedconcepts\debug\mostfrequentelement.obj
c:\users\akhojaste\documents\visual studio 2013\projects\advancedconcepts\advancedconcepts\debug\sumlist.obj
c:\users\akhojaste\documents\visual studio 2013\projects\advancedconcepts\advancedconcepts\debug\sumofelements.obj
c:\users\akhojaste\documents\visual studio 2013\projects\advancedconcepts\advancedconcepts\debug\threading.obj
c:\users\akhojaste\documents\visual studio 2013\projects\advancedconcepts\advancedconcepts\debug\virtualdestructor.obj
c:\users\akhojaste\documents\visual studio 2013\projects\advancedconcepts\advancedconcepts\debug\unions.obj
c:\users\akhojaste\documents\visual studio 2013\projects\advancedconcepts\advancedconcepts\debug\microsoftsamples.obj
c:\users\akhojaste\documents\visual studio 2013\projects\advancedconcepts\advancedconcepts\debug\linkedlist.obj
c:\users\akhojaste\documents\visual studio 2013\projects\advancedconcepts\advancedconcepts\debug\binarytree.obj
c:\users\akhojaste\documents\visual studio 2013\projects\advancedconcepts\advancedconcepts\debug\stack.obj
c:\users\akhojaste\documents\visual studio 2013\projects\advancedconcepts\advancedconcepts\debug\microsoft.obj
c:\users\akhojaste\documents\visual studio 2013\projects\advancedconcepts\advancedconcepts\debug\testlambda.obj
c:\users\akhojaste\documents\visual studio 2013\projects\advancedconcepts\debug\ap.ilk
c:\users\akhojaste\documents\visual studio 2013\projects\advancedconcepts\debug\ap.exe
c:\users\akhojaste\documents\visual studio 2013\projects\advancedconcepts\debug\ap.pdb
c:\users\akhojaste\documents\visual studio 2013\projects\advancedconcepts\advancedconcepts\debug\ap.tlog\cl.command.1.tlog
c:\users\akhojaste\documents\visual studio 2013\projects\advancedconcepts\advancedconcepts\debug\ap.tlog\cl.read.1.tlog
c:\users\akhojaste\documents\visual studio 2013\projects\advancedconcepts\advancedconcepts\debug\ap.tlog\cl.write.1.tlog
c:\users\akhojaste\documents\visual studio 2013\projects\advancedconcepts\advancedconcepts\debug\ap.tlog\link.command.1.tlog
c:\users\akhojaste\documents\visual studio 2013\projects\advancedconcepts\advancedconcepts\debug\ap.tlog\link.read.1.tlog
c:\users\akhojaste\documents\visual studio 2013\projects\advancedconcepts\advancedconcepts\debug\ap.tlog\link.write.1.tlog
